[22:13:45] Main: Configuration loaded
[22:13:45] Main: Help command added
[22:13:45] Main: Commands loaded
[22:13:45] handlers.InputHandler$Key: Binding 1 added for key select
[22:13:45] handlers.InputHandler$Key: Binding 2 added for key option
[22:13:45] Main: Bindings Added
[22:13:45] window.Window: frame> Created
[22:13:45] window.Window: frame> Default Close Operation set
[22:13:45] window.Window: frame> Layout set
[22:13:45] window.Window: frame> Bordering Center
[22:13:45] window.Window: frame> Set extended layout
[22:13:45] window.Window: frame> Set borderless
[22:13:45] window.Window: frame> Resizable set to false
[22:13:45] window.Window: frame> Set to invisible
[22:13:45] handlers.InputHandler: Listening
[22:13:45] ge.gfx.Screen: width> Set to 1920
[22:13:45] ge.gfx.Screen: height> Set to 1080
[22:13:45] window.Window: Screen initialized
[22:13:45] window.Window: Exit Listener initialized
[22:13:45] gfx.Screen: Set offset
[22:13:45] window.Window: Run
[22:13:45] window.Window: java.lang.NullPointerException
[22:13:45] handlers.EventHandler: java.io.FileNotFoundException: resources\levels\SAVE.resources (The system cannot find the path specified)
[22:13:45] handlers.EventHandler: Goodbye!
